<?xml version="1.0" encoding="UTF-8"?>
<!-- Generated by org.testng.reporters.JUnitXMLReporter -->
<testsuite hostname="Joshuas-MBP.home" ignored="0" name="jsonResponseShouldContainAppleProductDetails" tests="3" failures="2" timestamp="09 Nov 2017 18:09:35 GMT" time="0.162" errors="0">
  <testcase name="jsonResponseShouldContainAppleProductDetails" time="0.106" classname="com.sainsburys.tests.JsonRetrieverTest"/>
  <testcase name="jsonResponseShouldContainPineappleProductDetails" time="0.004" classname="com.sainsburys.tests.JsonRetrieverTest">
    <failure type="java.lang.AssertionError" message="expected [{&amp;quot;results&amp;quot;:[{&amp;quot;item-name&amp;quot;:&amp;quot;Sainsbury&amp;apos;s Apples&amp;quot;,&amp;quot;details&amp;quot;:&amp;quot;by Sainsbury&amp;apos;s apples&amp;quot;,&amp;quot;price&amp;quot;:1.75,&amp;quot;calories&amp;quot;:&amp;quot;33&amp;quot;},{&amp;quot;item-name&amp;quot;:&amp;quot;Sainsbury&amp;apos;s Apples&amp;quot;,&amp;quot;details&amp;quot;:&amp;quot;by Sainsbury&amp;apos;s apples&amp;quot;,&amp;quot;price&amp;quot;:1.75,&amp;quot;calories&amp;quot;:&amp;quot;33&amp;quot;}],&amp;quot;total&amp;quot;:3.5}] but found [{&amp;quot;results&amp;quot;:[{&amp;quot;item-name&amp;quot;:&amp;quot;Sainsbury&amp;apos;s Apples&amp;quot;,&amp;quot;details&amp;quot;:&amp;quot;by Sainsbury&amp;apos;s apples&amp;quot;,&amp;quot;price&amp;quot;:1.75,&amp;quot;calories&amp;quot;:&amp;quot;33&amp;quot;}],&amp;quot;total&amp;quot;:1.75}]">
      <![CDATA[java.lang.AssertionError: expected [{"results":[{"item-name":"Sainsbury's Apples","details":"by Sainsbury's apples","price":1.75,"calories":"33"},{"item-name":"Sainsbury's Apples","details":"by Sainsbury's apples","price":1.75,"calories":"33"}],"total":3.5}] but found [{"results":[{"item-name":"Sainsbury's Apples","details":"by Sainsbury's apples","price":1.75,"calories":"33"}],"total":1.75}]
	at com.sainsburys.tests.JsonRetrieverTest.jsonResponseShouldContainPineappleProductDetails(JsonRetrieverTest.java:33)
... Removed 31 stack frames]]>
    </failure>
  </testcase> <!-- jsonResponseShouldContainPineappleProductDetails -->
  <testcase name="testJsonResponseContainsTotalField" time="0.003" classname="com.sainsburys.tests.JsonRetrieverTest">
    <failure type="java.lang.AssertionError" message="expected [true] but found [{&amp;quot;results&amp;quot;:[{&amp;quot;item-name&amp;quot;:&amp;quot;Sainsbury&amp;apos;s Apples&amp;quot;,&amp;quot;details&amp;quot;:&amp;quot;by Sainsbury&amp;apos;s apples&amp;quot;,&amp;quot;price&amp;quot;:1.75,&amp;quot;calories&amp;quot;:&amp;quot;33&amp;quot;}],&amp;quot;total&amp;quot;:1.75}]">
      <![CDATA[java.lang.AssertionError: expected [true] but found [{"results":[{"item-name":"Sainsbury's Apples","details":"by Sainsbury's apples","price":1.75,"calories":"33"}],"total":1.75}]
	at com.sainsburys.tests.JsonRetrieverTest.testJsonResponseContainsTotalField(JsonRetrieverTest.java:42)
... Removed 30 stack frames]]>
    </failure>
  </testcase> <!-- testJsonResponseContainsTotalField -->
</testsuite> <!-- jsonResponseShouldContainAppleProductDetails -->
