<?xml version="1.0" encoding="UTF-8"?>
<!-- Generated by org.testng.reporters.JUnitXMLReporter -->
<testsuite hostname="Joshuas-MBP.home" ignored="0" name="jsonResponseShouldContainPineappleProductDetails" tests="3" failures="3" timestamp="09 Nov 2017 14:44:11 GMT" time="0.02" errors="0">
  <testcase name="jsonResponseShouldContainAppleProductDetails" time="0.002" classname="com.sainsburys.tests.JsonBuilderTest">
    <failure type="java.lang.AssertionError" message="expected [{&amp;quot;results&amp;quot;:[{&amp;quot;item-name&amp;quot;:&amp;quot;Sainsbury&amp;apos;s Pineapple&amp;quot;,&amp;quot;details&amp;quot;:&amp;quot;by Sainsbury&amp;apos;s pineapple&amp;quot;,&amp;quot;price&amp;quot;:3.25,&amp;quot;calories&amp;quot;:&amp;quot;76&amp;quot;}],&amp;quot;total&amp;quot;:3.25}] but found [{&amp;quot;results&amp;quot;:[{&amp;quot;item-name&amp;quot;:&amp;quot;Sainsbury&amp;apos;s Apples&amp;quot;,&amp;quot;details&amp;quot;:&amp;quot;by Sainsbury&amp;apos;s apples&amp;quot;,&amp;quot;price&amp;quot;:1.75,&amp;quot;calories&amp;quot;:&amp;quot;33&amp;quot;}],&amp;quot;total&amp;quot;:1.75}]">
      <![CDATA[java.lang.AssertionError: expected [{"results":[{"item-name":"Sainsbury's Pineapple","details":"by Sainsbury's pineapple","price":3.25,"calories":"76"}],"total":3.25}] but found [{"results":[{"item-name":"Sainsbury's Apples","details":"by Sainsbury's apples","price":1.75,"calories":"33"}],"total":1.75}]
	at com.sainsburys.tests.JsonBuilderTest.jsonResponseShouldContainAppleProductDetails(JsonBuilderTest.java:26)
... Removed 31 stack frames]]>
    </failure>
  </testcase> <!-- jsonResponseShouldContainAppleProductDetails -->
  <testcase name="jsonResponseShouldContainMangoProductDetails" time="0.004" classname="com.sainsburys.tests.JsonBuilderTest">
    <failure type="java.lang.AssertionError" message="expected [{&amp;quot;results&amp;quot;:[{&amp;quot;item-name&amp;quot;:&amp;quot;Sainsbury&amp;apos;s Pineapple&amp;quot;,&amp;quot;details&amp;quot;:&amp;quot;by Sainsbury&amp;apos;s pineapple&amp;quot;,&amp;quot;price&amp;quot;:3.25,&amp;quot;calories&amp;quot;:&amp;quot;76&amp;quot;},{&amp;quot;item-name&amp;quot;:&amp;quot;Sainsbury&amp;apos;s Pineapple&amp;quot;,&amp;quot;details&amp;quot;:&amp;quot;by Sainsbury&amp;apos;s pineapple&amp;quot;,&amp;quot;price&amp;quot;:3.25,&amp;quot;calories&amp;quot;:&amp;quot;76&amp;quot;}],&amp;quot;total&amp;quot;:6.5}] but found [{&amp;quot;results&amp;quot;:[{&amp;quot;item-name&amp;quot;:&amp;quot;Sainsbury&amp;apos;s Mango&amp;quot;,&amp;quot;details&amp;quot;:&amp;quot;Specialist Mango product&amp;quot;,&amp;quot;price&amp;quot;:2.25,&amp;quot;calories&amp;quot;:&amp;quot;112&amp;quot;}],&amp;quot;total&amp;quot;:2.25}]">
      <![CDATA[java.lang.AssertionError: expected [{"results":[{"item-name":"Sainsbury's Pineapple","details":"by Sainsbury's pineapple","price":3.25,"calories":"76"},{"item-name":"Sainsbury's Pineapple","details":"by Sainsbury's pineapple","price":3.25,"calories":"76"}],"total":6.5}] but found [{"results":[{"item-name":"Sainsbury's Mango","details":"Specialist Mango product","price":2.25,"calories":"112"}],"total":2.25}]
	at com.sainsburys.tests.JsonBuilderTest.jsonResponseShouldContainMangoProductDetails(JsonBuilderTest.java:44)
... Removed 31 stack frames]]>
    </failure>
  </testcase> <!-- jsonResponseShouldContainMangoProductDetails -->
  <testcase name="jsonResponseShouldContainPineappleProductDetails" time="0.003" classname="com.sainsburys.tests.JsonBuilderTest">
    <failure type="java.lang.AssertionError" message="expected [{&amp;quot;results&amp;quot;:[{&amp;quot;item-name&amp;quot;:&amp;quot;Sainsbury&amp;apos;s Pineapple&amp;quot;,&amp;quot;details&amp;quot;:&amp;quot;by Sainsbury&amp;apos;s pineapple&amp;quot;,&amp;quot;price&amp;quot;:3.25,&amp;quot;calories&amp;quot;:&amp;quot;76&amp;quot;},{&amp;quot;item-name&amp;quot;:&amp;quot;Sainsbury&amp;apos;s Pineapple&amp;quot;,&amp;quot;details&amp;quot;:&amp;quot;by Sainsbury&amp;apos;s pineapple&amp;quot;,&amp;quot;price&amp;quot;:3.25,&amp;quot;calories&amp;quot;:&amp;quot;76&amp;quot;},{&amp;quot;item-name&amp;quot;:&amp;quot;Sainsbury&amp;apos;s Pineapple&amp;quot;,&amp;quot;details&amp;quot;:&amp;quot;by Sainsbury&amp;apos;s pineapple&amp;quot;,&amp;quot;price&amp;quot;:3.25,&amp;quot;calories&amp;quot;:&amp;quot;76&amp;quot;}],&amp;quot;total&amp;quot;:9.75}] but found [{&amp;quot;results&amp;quot;:[{&amp;quot;item-name&amp;quot;:&amp;quot;Sainsbury&amp;apos;s Pineapple&amp;quot;,&amp;quot;details&amp;quot;:&amp;quot;by Sainsbury&amp;apos;s pineapple&amp;quot;,&amp;quot;price&amp;quot;:3.25,&amp;quot;calories&amp;quot;:&amp;quot;76&amp;quot;}],&amp;quot;total&amp;quot;:3.25}]">
      <![CDATA[java.lang.AssertionError: expected [{"results":[{"item-name":"Sainsbury's Pineapple","details":"by Sainsbury's pineapple","price":3.25,"calories":"76"},{"item-name":"Sainsbury's Pineapple","details":"by Sainsbury's pineapple","price":3.25,"calories":"76"},{"item-name":"Sainsbury's Pineapple","details":"by Sainsbury's pineapple","price":3.25,"calories":"76"}],"total":9.75}] but found [{"results":[{"item-name":"Sainsbury's Pineapple","details":"by Sainsbury's pineapple","price":3.25,"calories":"76"}],"total":3.25}]
	at com.sainsburys.tests.JsonBuilderTest.jsonResponseShouldContainPineappleProductDetails(JsonBuilderTest.java:35)
... Removed 31 stack frames]]>
    </failure>
  </testcase> <!-- jsonResponseShouldContainPineappleProductDetails -->
</testsuite> <!-- jsonResponseShouldContainPineappleProductDetails -->
