<!DOCTYPE html PUBLIC "-//W3C//DTD XHTML 1.1//EN" "http://www.w3.org/TR/xhtml11/DTD/xhtml11.dtd">
<html xmlns="http://www.w3.org/1999/xhtml"><head><title>TestNG Report</title><style type="text/css">table {margin-bottom:10px;border-collapse:collapse;empty-cells:show}th,td {border:1px solid #009;padding:.25em .5em}th {vertical-align:bottom}td {vertical-align:top}table a {font-weight:bold}.stripe td {background-color: #E6EBF9}.num {text-align:right}.passedodd td {background-color: #3F3}.passedeven td {background-color: #0A0}.skippedodd td {background-color: #DDD}.skippedeven td {background-color: #CCC}.failedodd td,.attn {background-color: #F33}.failedeven td,.stripe .attn {background-color: #D00}.stacktrace {white-space:pre;font-family:monospace}.totop {font-size:85%;text-align:center;border-bottom:2px solid #000}</style></head><body><table><tr><th>Test</th><th># Passed</th><th># Skipped</th><th># Failed</th><th>Time (ms)</th><th>Included Groups</th><th>Excluded Groups</th></tr><tr><th colspan="7">SainsburysWebScraperSuite</th></tr><tr><td><a href="#t0">jsonResponseShouldContainAppleProductDetails</a></td><td class="num">1</td><td class="num">0</td><td class="num attn">2</td><td class="num">162</td><td></td><td></td></tr><tr class="stripe"><td><a href="#t1">priceTotal</a></td><td class="num">1</td><td class="num">0</td><td class="num">0</td><td class="num">8</td><td></td><td></td></tr><tr><th>Total</th><th class="num">2</th><th class="num">0</th><th class="num attn">2</th><th class="num">170</th><th colspan="2"></th></tr></table><table><thead><tr><th>Class</th><th>Method</th><th>Start</th><th>Time (ms)</th></tr></thead><tbody><tr><th colspan="4">SainsburysWebScraperSuite</th></tr></tbody><tbody id="t0"><tr><th colspan="4">jsonResponseShouldContainAppleProductDetails &#8212; failed</th></tr><tr class="failedeven"><td rowspan="2">com.sainsburys.tests.JsonRetrieverTest</td><td><a href="#m0">jsonResponseShouldContainPineappleProductDetails</a></td><td rowspan="1">1510250975506</td><td rowspan="1">4</td></tr><tr class="failedeven"><td><a href="#m1">testJsonResponseContainsTotalField</a></td><td rowspan="1">1510250975516</td><td rowspan="1">3</td></tr><tr><th colspan="4">jsonResponseShouldContainAppleProductDetails &#8212; passed</th></tr><tr class="passedeven"><td rowspan="1">com.sainsburys.tests.JsonRetrieverTest</td><td><a href="#m2">jsonResponseShouldContainAppleProductDetails</a></td><td rowspan="1">1510250975398</td><td rowspan="1">106</td></tr></tbody><tbody id="t1"><tr><th colspan="4">priceTotal &#8212; passed</th></tr><tr class="passedeven"><td rowspan="1">com.sainsburys.tests.PriceTotalTest</td><td><a href="#m3">jsonResponseShouldContainCorrectTotal</a></td><td rowspan="1">1510250975571</td><td rowspan="1">3</td></tr></tbody></table><h2>jsonResponseShouldContainAppleProductDetails</h2><h3 id="m0">com.sainsburys.tests.JsonRetrieverTest#jsonResponseShouldContainPineappleProductDetails</h3><table class="result"><tr class="param"><th>Parameter #1</th><th>Parameter #2</th><th>Parameter #3</th><th>Parameter #4</th></tr><tr class="param stripe"><td>33</td><td>1.75</td><td>Sainsbury&apos;s Apples</td><td>by Sainsbury&apos;s apples</td></tr><tr><th colspan="4">Exception</th></tr><tr><td colspan="4"><div class="stacktrace">java.lang.AssertionError: expected [{&quot;results&quot;:[{&quot;item-name&quot;:&quot;Sainsbury&apos;s Apples&quot;,&quot;details&quot;:&quot;by Sainsbury&apos;s apples&quot;,&quot;price&quot;:1.75,&quot;calories&quot;:&quot;33&quot;},{&quot;item-name&quot;:&quot;Sainsbury&apos;s Apples&quot;,&quot;details&quot;:&quot;by Sainsbury&apos;s apples&quot;,&quot;price&quot;:1.75,&quot;calories&quot;:&quot;33&quot;}],&quot;total&quot;:3.5}] but found [{&quot;results&quot;:[{&quot;item-name&quot;:&quot;Sainsbury&apos;s Apples&quot;,&quot;details&quot;:&quot;by Sainsbury&apos;s apples&quot;,&quot;price&quot;:1.75,&quot;calories&quot;:&quot;33&quot;}],&quot;total&quot;:1.75}]
	at com.sainsburys.tests.JsonRetrieverTest.jsonResponseShouldContainPineappleProductDetails(JsonRetrieverTest.java:33)
... Removed 31 stack frames</div></td></tr></table><p class="totop"><a href="#summary">back to summary</a></p><h3 id="m1">com.sainsburys.tests.JsonRetrieverTest#testJsonResponseContainsTotalField</h3><table class="result"><tr class="param"><th>Parameter #1</th><th>Parameter #2</th><th>Parameter #3</th><th>Parameter #4</th></tr><tr class="param stripe"><td>33</td><td>1.75</td><td>Sainsbury&apos;s Apples</td><td>by Sainsbury&apos;s apples</td></tr><tr><th colspan="4">Exception</th></tr><tr><td colspan="4"><div class="stacktrace">java.lang.AssertionError: expected [true] but found [{&quot;results&quot;:[{&quot;item-name&quot;:&quot;Sainsbury&apos;s Apples&quot;,&quot;details&quot;:&quot;by Sainsbury&apos;s apples&quot;,&quot;price&quot;:1.75,&quot;calories&quot;:&quot;33&quot;}],&quot;total&quot;:1.75}]
	at com.sainsburys.tests.JsonRetrieverTest.testJsonResponseContainsTotalField(JsonRetrieverTest.java:42)
... Removed 30 stack frames</div></td></tr></table><p class="totop"><a href="#summary">back to summary</a></p><h3 id="m2">com.sainsburys.tests.JsonRetrieverTest#jsonResponseShouldContainAppleProductDetails</h3><table class="result"><tr class="param"><th>Parameter #1</th><th>Parameter #2</th><th>Parameter #3</th><th>Parameter #4</th></tr><tr class="param stripe"><td>33</td><td>1.75</td><td>Sainsbury&apos;s Apples</td><td>by Sainsbury&apos;s apples</td></tr></table><p class="totop"><a href="#summary">back to summary</a></p><h2>priceTotal</h2><h3 id="m3">com.sainsburys.tests.PriceTotalTest#jsonResponseShouldContainCorrectTotal</h3><table class="result"><tr class="param"><th>Parameter #1</th><th>Parameter #2</th></tr><tr class="param stripe"><td>1.65</td><td>1.65</td></tr></table><p class="totop"><a href="#summary">back to summary</a></p></body></html>