<?xml version="1.0" encoding="UTF-8"?>
<testng-results skipped="0" failed="2" ignored="0" total="4" passed="2">
  <reporter-output>
  </reporter-output>
  <suite name="SainsburysWebScraperSuite" duration-ms="214" started-at="2017-11-09T18:09:35Z" finished-at="2017-11-09T18:09:35Z">
    <groups>
    </groups>
    <test name="jsonResponseShouldContainAppleProductDetails" duration-ms="162" started-at="2017-11-09T18:09:35Z" finished-at="2017-11-09T18:09:35Z">
      <class name="com.sainsburys.tests.JsonRetrieverTest">
        <test-method status="PASS" signature="jsonResponseShouldContainAppleProductDetails(java.lang.String, double, java.lang.String, java.lang.String)[pri:0, instance:com.sainsburys.tests.JsonRetrieverTest@b97c004]" name="jsonResponseShouldContainAppleProductDetails" duration-ms="106" started-at="2017-11-09T18:09:35Z" finished-at="2017-11-09T18:09:35Z">
          <params>
            <param index="0">
              <value>
                <![CDATA[33]]>
              </value>
            </param>
            <param index="1">
              <value>
                <![CDATA[1.75]]>
              </value>
            </param>
            <param index="2">
              <value>
                <![CDATA[Sainsbury's Apples]]>
              </value>
            </param>
            <param index="3">
              <value>
                <![CDATA[by Sainsbury's apples]]>
              </value>
            </param>
          </params>
          <reporter-output>
          </reporter-output>
        </test-method> <!-- jsonResponseShouldContainAppleProductDetails -->
        <test-method status="FAIL" signature="jsonResponseShouldContainPineappleProductDetails(java.lang.String, double, java.lang.String, java.lang.String)[pri:0, instance:com.sainsburys.tests.JsonRetrieverTest@b97c004]" name="jsonResponseShouldContainPineappleProductDetails" duration-ms="4" started-at="2017-11-09T18:09:35Z" finished-at="2017-11-09T18:09:35Z">
          <params>
            <param index="0">
              <value>
                <![CDATA[33]]>
              </value>
            </param>
            <param index="1">
              <value>
                <![CDATA[1.75]]>
              </value>
            </param>
            <param index="2">
              <value>
                <![CDATA[Sainsbury's Apples]]>
              </value>
            </param>
            <param index="3">
              <value>
                <![CDATA[by Sainsbury's apples]]>
              </value>
            </param>
          </params>
          <exception class="java.lang.AssertionError">
            <message>
              <![CDATA[expected [{"results":[{"item-name":"Sainsbury's Apples","details":"by Sainsbury's apples","price":1.75,"calories":"33"},{"item-name":"Sainsbury's Apples","details":"by Sainsbury's apples","price":1.75,"calories":"33"}],"total":3.5}] but found [{"results":[{"item-name":"Sainsbury's Apples","details":"by Sainsbury's apples","price":1.75,"calories":"33"}],"total":1.75}]]]>
            </message>
            <full-stacktrace>
              <![CDATA[java.lang.AssertionError: expected [{"results":[{"item-name":"Sainsbury's Apples","details":"by Sainsbury's apples","price":1.75,"calories":"33"},{"item-name":"Sainsbury's Apples","details":"by Sainsbury's apples","price":1.75,"calories":"33"}],"total":3.5}] but found [{"results":[{"item-name":"Sainsbury's Apples","details":"by Sainsbury's apples","price":1.75,"calories":"33"}],"total":1.75}]
	at org.testng.Assert.fail(Assert.java:94)
	at org.testng.Assert.failNotEquals(Assert.java:513)
	at org.testng.Assert.assertEqualsImpl(Assert.java:135)
	at org.testng.Assert.assertEquals(Assert.java:116)
	at org.testng.Assert.assertEquals(Assert.java:190)
	at org.testng.Assert.assertEquals(Assert.java:200)
	at com.sainsburys.tests.JsonRetrieverTest.jsonResponseShouldContainPineappleProductDetails(JsonRetrieverTest.java:33)
	at sun.reflect.NativeMethodAccessorImpl.invoke0(Native Method)
	at sun.reflect.NativeMethodAccessorImpl.invoke(NativeMethodAccessorImpl.java:62)
	at sun.reflect.DelegatingMethodAccessorImpl.invoke(DelegatingMethodAccessorImpl.java:43)
	at java.lang.reflect.Method.invoke(Method.java:483)
	at org.testng.internal.MethodInvocationHelper.invokeMethod(MethodInvocationHelper.java:104)
	at org.testng.internal.Invoker.invokeMethod(Invoker.java:645)
	at org.testng.internal.Invoker.invokeTestMethod(Invoker.java:851)
	at org.testng.internal.Invoker.invokeTestMethods(Invoker.java:1177)
	at org.testng.internal.TestMethodWorker.invokeTestMethods(TestMethodWorker.java:129)
	at org.testng.internal.TestMethodWorker.run(TestMethodWorker.java:112)
	at org.testng.TestRunner.privateRun(TestRunner.java:756)
	at org.testng.TestRunner.run(TestRunner.java:610)
	at org.testng.SuiteRunner.runTest(SuiteRunner.java:387)
	at org.testng.SuiteRunner.runSequentially(SuiteRunner.java:382)
	at org.testng.SuiteRunner.privateRun(SuiteRunner.java:340)
	at org.testng.SuiteRunner.run(SuiteRunner.java:289)
	at org.testng.SuiteRunnerWorker.runSuite(SuiteRunnerWorker.java:52)
	at org.testng.SuiteRunnerWorker.run(SuiteRunnerWorker.java:86)
	at org.testng.TestNG.runSuitesSequentially(TestNG.java:1293)
	at org.testng.TestNG.runSuitesLocally(TestNG.java:1218)
	at org.testng.TestNG.runSuites(TestNG.java:1133)
	at org.testng.TestNG.run(TestNG.java:1104)
	at org.testng.remote.AbstractRemoteTestNG.run(AbstractRemoteTestNG.java:114)
	at org.testng.remote.RemoteTestNG.initAndRun(RemoteTestNG.java:251)
	at org.testng.remote.RemoteTestNG.main(RemoteTestNG.java:77)
]]>
            </full-stacktrace>
          </exception> <!-- java.lang.AssertionError -->
          <reporter-output>
          </reporter-output>
        </test-method> <!-- jsonResponseShouldContainPineappleProductDetails -->
        <test-method status="FAIL" signature="testJsonResponseContainsTotalField(java.lang.String, double, java.lang.String, java.lang.String)[pri:0, instance:com.sainsburys.tests.JsonRetrieverTest@b97c004]" name="testJsonResponseContainsTotalField" duration-ms="3" started-at="2017-11-09T18:09:35Z" finished-at="2017-11-09T18:09:35Z">
          <params>
            <param index="0">
              <value>
                <![CDATA[33]]>
              </value>
            </param>
            <param index="1">
              <value>
                <![CDATA[1.75]]>
              </value>
            </param>
            <param index="2">
              <value>
                <![CDATA[Sainsbury's Apples]]>
              </value>
            </param>
            <param index="3">
              <value>
                <![CDATA[by Sainsbury's apples]]>
              </value>
            </param>
          </params>
          <exception class="java.lang.AssertionError">
            <message>
              <![CDATA[expected [true] but found [{"results":[{"item-name":"Sainsbury's Apples","details":"by Sainsbury's apples","price":1.75,"calories":"33"}],"total":1.75}]]]>
            </message>
            <full-stacktrace>
              <![CDATA[java.lang.AssertionError: expected [true] but found [{"results":[{"item-name":"Sainsbury's Apples","details":"by Sainsbury's apples","price":1.75,"calories":"33"}],"total":1.75}]
	at org.testng.Assert.fail(Assert.java:94)
	at org.testng.Assert.failNotEquals(Assert.java:513)
	at org.testng.Assert.assertEqualsImpl(Assert.java:135)
	at org.testng.Assert.assertEquals(Assert.java:116)
	at org.testng.Assert.assertEquals(Assert.java:179)
	at com.sainsburys.tests.JsonRetrieverTest.testJsonResponseContainsTotalField(JsonRetrieverTest.java:42)
	at sun.reflect.NativeMethodAccessorImpl.invoke0(Native Method)
	at sun.reflect.NativeMethodAccessorImpl.invoke(NativeMethodAccessorImpl.java:62)
	at sun.reflect.DelegatingMethodAccessorImpl.invoke(DelegatingMethodAccessorImpl.java:43)
	at java.lang.reflect.Method.invoke(Method.java:483)
	at org.testng.internal.MethodInvocationHelper.invokeMethod(MethodInvocationHelper.java:104)
	at org.testng.internal.Invoker.invokeMethod(Invoker.java:645)
	at org.testng.internal.Invoker.invokeTestMethod(Invoker.java:851)
	at org.testng.internal.Invoker.invokeTestMethods(Invoker.java:1177)
	at org.testng.internal.TestMethodWorker.invokeTestMethods(TestMethodWorker.java:129)
	at org.testng.internal.TestMethodWorker.run(TestMethodWorker.java:112)
	at org.testng.TestRunner.privateRun(TestRunner.java:756)
	at org.testng.TestRunner.run(TestRunner.java:610)
	at org.testng.SuiteRunner.runTest(SuiteRunner.java:387)
	at org.testng.SuiteRunner.runSequentially(SuiteRunner.java:382)
	at org.testng.SuiteRunner.privateRun(SuiteRunner.java:340)
	at org.testng.SuiteRunner.run(SuiteRunner.java:289)
	at org.testng.SuiteRunnerWorker.runSuite(SuiteRunnerWorker.java:52)
	at org.testng.SuiteRunnerWorker.run(SuiteRunnerWorker.java:86)
	at org.testng.TestNG.runSuitesSequentially(TestNG.java:1293)
	at org.testng.TestNG.runSuitesLocally(TestNG.java:1218)
	at org.testng.TestNG.runSuites(TestNG.java:1133)
	at org.testng.TestNG.run(TestNG.java:1104)
	at org.testng.remote.AbstractRemoteTestNG.run(AbstractRemoteTestNG.java:114)
	at org.testng.remote.RemoteTestNG.initAndRun(RemoteTestNG.java:251)
	at org.testng.remote.RemoteTestNG.main(RemoteTestNG.java:77)
]]>
            </full-stacktrace>
          </exception> <!-- java.lang.AssertionError -->
          <reporter-output>
          </reporter-output>
        </test-method> <!-- testJsonResponseContainsTotalField -->
      </class> <!-- com.sainsburys.tests.JsonRetrieverTest -->
    </test> <!-- jsonResponseShouldContainAppleProductDetails -->
    <test name="priceTotal" duration-ms="8" started-at="2017-11-09T18:09:35Z" finished-at="2017-11-09T18:09:35Z">
      <class name="com.sainsburys.tests.PriceTotalTest">
        <test-method status="PASS" signature="jsonResponseShouldContainCorrectTotal(double, double)[pri:0, instance:com.sainsburys.tests.PriceTotalTest@4439f31e]" name="jsonResponseShouldContainCorrectTotal" duration-ms="3" started-at="2017-11-09T18:09:35Z" finished-at="2017-11-09T18:09:35Z">
          <params>
            <param index="0">
              <value>
                <![CDATA[1.65]]>
              </value>
            </param>
            <param index="1">
              <value>
                <![CDATA[1.65]]>
              </value>
            </param>
          </params>
          <reporter-output>
          </reporter-output>
        </test-method> <!-- jsonResponseShouldContainCorrectTotal -->
      </class> <!-- com.sainsburys.tests.PriceTotalTest -->
    </test> <!-- priceTotal -->
  </suite> <!-- SainsburysWebScraperSuite -->
</testng-results>
