<?xml version="1.0" encoding="UTF-8"?>
<!-- Generated by org.testng.reporters.JUnitReportReporter -->
<testsuite name="com.sainsburys.tests.JsonBuilderTest" tests="4" time="0.085" ignored="0" failures="0" timestamp="09 Nov 2017 15:01:46 GMT" skipped="0" hostname="Joshuas-MBP.home" errors="2">
  <testcase name="jsonResponseShouldContainAppleProductDetails" time="0.082" classname="com.sainsburys.tests.JsonBuilderTest"/>
  <testcase name="jsonResponseShouldContainAppleProductDetails" time="0.000" classname="com.sainsburys.tests.JsonBuilderTest">
    <error type="org.testng.TestNGException" message="
Parameter &#039;calories&#039; is required by @Test on method jsonResponseShouldContainAppleProductDetails but has not been marked @Optional or defined
in /Users/joshuadunn/Documents/workspace/com.sainsburys/testng.xml">
      <![CDATA[org.testng.TestNGException: 
Parameter 'calories' is required by @Test on method jsonResponseShouldContainAppleProductDetails but has not been marked @Optional or defined
in /Users/joshuadunn/Documents/workspace/com.sainsburys/testng.xml
	at org.testng.internal.Parameters.createParameters(Parameters.java:199)
	at org.testng.internal.Parameters.createParameters(Parameters.java:443)
	at org.testng.internal.Parameters.handleParameters(Parameters.java:568)
	at org.testng.internal.Invoker.handleParameters(Invoker.java:1293)
	at org.testng.internal.Invoker.createParameters(Invoker.java:1020)
	at org.testng.internal.Invoker.invokeTestMethods(Invoker.java:1110)
	at org.testng.internal.TestMethodWorker.invokeTestMethods(TestMethodWorker.java:129)
	at org.testng.internal.TestMethodWorker.run(TestMethodWorker.java:112)
	at org.testng.TestRunner.privateRun(TestRunner.java:756)
	at org.testng.TestRunner.run(TestRunner.java:610)
	at org.testng.SuiteRunner.runTest(SuiteRunner.java:387)
	at org.testng.SuiteRunner.runSequentially(SuiteRunner.java:382)
	at org.testng.SuiteRunner.privateRun(SuiteRunner.java:340)
	at org.testng.SuiteRunner.run(SuiteRunner.java:289)
	at org.testng.SuiteRunnerWorker.runSuite(SuiteRunnerWorker.java:52)
	at org.testng.SuiteRunnerWorker.run(SuiteRunnerWorker.java:86)
	at org.testng.TestNG.runSuitesSequentially(TestNG.java:1293)
	at org.testng.TestNG.runSuitesLocally(TestNG.java:1218)
	at org.testng.TestNG.runSuites(TestNG.java:1133)
	at org.testng.TestNG.run(TestNG.java:1104)
	at org.testng.remote.AbstractRemoteTestNG.run(AbstractRemoteTestNG.java:114)
	at org.testng.remote.RemoteTestNG.initAndRun(RemoteTestNG.java:251)
	at org.testng.remote.RemoteTestNG.main(RemoteTestNG.java:77)
]]>
    </error>
  </testcase> <!-- jsonResponseShouldContainAppleProductDetails -->
  <testcase name="jsonResponseShouldContainCorrectTotal" time="0.000" classname="com.sainsburys.tests.JsonBuilderTest">
    <error type="org.testng.TestNGException" message="
Parameter &#039;pineapplePrice&#039; is required by @Test on method jsonResponseShouldContainCorrectTotal but has not been marked @Optional or defined
in /Users/joshuadunn/Documents/workspace/com.sainsburys/testng.xml">
      <![CDATA[org.testng.TestNGException: 
Parameter 'pineapplePrice' is required by @Test on method jsonResponseShouldContainCorrectTotal but has not been marked @Optional or defined
in /Users/joshuadunn/Documents/workspace/com.sainsburys/testng.xml
	at org.testng.internal.Parameters.createParameters(Parameters.java:199)
	at org.testng.internal.Parameters.createParameters(Parameters.java:443)
	at org.testng.internal.Parameters.handleParameters(Parameters.java:568)
	at org.testng.internal.Invoker.handleParameters(Invoker.java:1293)
	at org.testng.internal.Invoker.createParameters(Invoker.java:1020)
	at org.testng.internal.Invoker.invokeTestMethods(Invoker.java:1110)
	at org.testng.internal.TestMethodWorker.invokeTestMethods(TestMethodWorker.java:129)
	at org.testng.internal.TestMethodWorker.run(TestMethodWorker.java:112)
	at org.testng.TestRunner.privateRun(TestRunner.java:756)
	at org.testng.TestRunner.run(TestRunner.java:610)
	at org.testng.SuiteRunner.runTest(SuiteRunner.java:387)
	at org.testng.SuiteRunner.runSequentially(SuiteRunner.java:382)
	at org.testng.SuiteRunner.privateRun(SuiteRunner.java:340)
	at org.testng.SuiteRunner.run(SuiteRunner.java:289)
	at org.testng.SuiteRunnerWorker.runSuite(SuiteRunnerWorker.java:52)
	at org.testng.SuiteRunnerWorker.run(SuiteRunnerWorker.java:86)
	at org.testng.TestNG.runSuitesSequentially(TestNG.java:1293)
	at org.testng.TestNG.runSuitesLocally(TestNG.java:1218)
	at org.testng.TestNG.runSuites(TestNG.java:1133)
	at org.testng.TestNG.run(TestNG.java:1104)
	at org.testng.remote.AbstractRemoteTestNG.run(AbstractRemoteTestNG.java:114)
	at org.testng.remote.RemoteTestNG.initAndRun(RemoteTestNG.java:251)
	at org.testng.remote.RemoteTestNG.main(RemoteTestNG.java:77)
]]>
    </error>
  </testcase> <!-- jsonResponseShouldContainCorrectTotal -->
  <testcase name="jsonResponseShouldContainCorrectTotal" time="0.003" classname="com.sainsburys.tests.JsonBuilderTest"/>
</testsuite> <!-- com.sainsburys.tests.JsonBuilderTest -->
